#
# There is insufficient memory for the Java Runtime Environment to continue.
# Native memory allocation (malloc) failed to allocate 131088 bytes. Error detail: Chunk::new
# Possible reasons:
#   The system is out of physical RAM or swap space
#   This process is running with CompressedOops enabled, and the Java Heap may be blocking the growth of the native heap
# Possible solutions:
#   Reduce memory load on the system
#   Increase physical memory or swap space
#   Check if swap backing store is full
#   Decrease Java heap size (-Xmx/-Xms)
#   Decrease number of Java threads
#   Decrease Java thread stack sizes (-Xss)
#   Set larger code cache with -XX:ReservedCodeCacheSize=
#   JVM is running with Unscaled Compressed Oops mode in which the Java heap is
#     placed in the first 4GB address space. The Java Heap base address is the
#     maximum limit for the native heap growth. Please use -XX:HeapBaseMinAddress
#     to set the Java Heap base and to place the Java Heap above 4GB virtual address.
# This output file may be truncated or incomplete.
#
#  Out of Memory Error (arena.cpp:168), pid=12092, tid=8308
#
# JRE version: OpenJDK Runtime Environment (21.0.8) (build 21.0.8+-14196175-b1038.72)
# Java VM: OpenJDK 64-Bit Server VM (21.0.8+-14196175-b1038.72, mixed mode, tiered, compressed oops, compressed class ptrs, g1 gc, windows-amd64)
# No core dump will be written. Minidumps are not enabled by default on client versions of Windows
#

---------------  S U M M A R Y ------------

Command Line: --add-opens=java.base/java.util=ALL-UNNAMED --add-opens=java.base/java.lang=ALL-UNNAMED --add-opens=java.base/java.lang.invoke=ALL-UNNAMED --add-opens=java.prefs/java.util.prefs=ALL-UNNAMED --add-exports=jdk.compiler/com.sun.tools.javac.api=ALL-UNNAMED --add-exports=jdk.compiler/com.sun.tools.javac.util=ALL-UNNAMED --add-opens=java.base/java.nio.charset=ALL-UNNAMED --add-opens=java.base/java.net=ALL-UNNAMED --add-opens=java.base/java.util.concurrent.atomic=ALL-UNNAMED -Xmx2048m -Dfile.encoding=UTF-8 -Duser.country=US -Duser.language=en -Duser.variant -javaagent:C:\Users\Timbol\.gradle\wrapper\dists\gradle-8.9-bin\90cnw93cvbtalezasaz0blq0a\gradle-8.9\lib\agents\gradle-instrumentation-agent-8.9.jar org.gradle.launcher.daemon.bootstrap.GradleDaemon 8.9

Host: Intel(R) Core(TM) i5-8400 CPU @ 2.80GHz, 6 cores, 15G,  Windows 11 , 64 bit Build 26100 (10.0.26100.7623)
Time: Thu Feb  5 21:47:18 2026 Malay Peninsula Standard Time elapsed time: 7.238900 seconds (0d 0h 0m 7s)

---------------  T H R E A D  ---------------

Current thread (0x0000020adcede990):  JavaThread "C2 CompilerThread1" daemon [_thread_in_native, id=8308, stack(0x0000009c08400000,0x0000009c08500000) (1024K)]


Current CompileTask:
C2:7238 5579   !   4       jdk.internal.loader.BuiltinClassLoader::loadClassOrNull (143 bytes)

Stack: [0x0000009c08400000,0x0000009c08500000]
Native frames: (J=compiled Java code, j=interpreted, Vv=VM code, C=native code)
V  [jvm.dll+0x6d68d9]
V  [jvm.dll+0x866693]
V  [jvm.dll+0x868c4e]
V  [jvm.dll+0x869333]
V  [jvm.dll+0x280566]
V  [jvm.dll+0xc07cd]
V  [jvm.dll+0xc0d03]
V  [jvm.dll+0xc08f5]
V  [jvm.dll+0x6b341c]
V  [jvm.dll+0x665874]
V  [jvm.dll+0x2490cf]
V  [jvm.dll+0x248821]
V  [jvm.dll+0x1c73a4]
V  [jvm.dll+0x257f9e]
V  [jvm.dll+0x2564e6]
V  [jvm.dll+0x3f4696]
V  [jvm.dll+0x80eac8]
V  [jvm.dll+0x6d512d]
C  [ucrtbase.dll+0x37b0]
C  [KERNEL32.DLL+0x2e8d7]
C  [ntdll.dll+0x8c53c]


---------------  P R O C E S S  ---------------

Threads class SMR info:
_java_thread_list=0x0000020ae3d1e250, length=54, elements={
0x0000020ac3665b20, 0x0000020adce91780, 0x0000020adce96180, 0x0000020adce98bf0,
0x0000020adcec2e90, 0x0000020adcec3500, 0x0000020adcec4ad0, 0x0000020adceb9150,
0x0000020adceca680, 0x0000020adcee0ba0, 0x0000020add2f6780, 0x0000020adcede990,
0x0000020ae313a1f0, 0x0000020ae32a1390, 0x0000020ae32aa600, 0x0000020ae31847b0,
0x0000020ae31b6590, 0x0000020ae31e42a0, 0x0000020ae31e4910, 0x0000020ae324e7e0,
0x0000020ae3250220, 0x0000020ae324ee70, 0x0000020ae324f500, 0x0000020ae324fb90,
0x0000020ae324e150, 0x0000020ae324d430, 0x0000020ae324dac0, 0x0000020ae47a0130,
0x0000020ae479e060, 0x0000020ae47a07c0, 0x0000020ae479faa0, 0x0000020ae47a0e50,
0x0000020ae479f410, 0x0000020ae47a14e0, 0x0000020ae47a1b70, 0x0000020ae47a2200,
0x0000020ae47a35b0, 0x0000020ae47a3c40, 0x0000020ae47a42d0, 0x0000020ae47a4960,
0x0000020ae47a4ff0, 0x0000020ae47a5680, 0x0000020ae47a2890, 0x0000020ae47a2f20,
0x0000020ae53224e0, 0x0000020ae5322b70, 0x0000020ae5323200, 0x0000020ae5323890,
0x0000020ae5323f20, 0x0000020ae53252d0, 0x0000020ae53245b0, 0x0000020ae5324c40,
0x0000020ae5321e50, 0x0000020ae5326d10
}

Java Threads: ( => current thread )
  0x0000020ac3665b20 JavaThread "main"                              [_thread_blocked, id=21264, stack(0x0000009c07200000,0x0000009c07300000) (1024K)]
  0x0000020adce91780 JavaThread "Common-Cleaner"             daemon [_thread_blocked, id=11200, stack(0x0000009c07a00000,0x0000009c07b00000) (1024K)]
  0x0000020adce96180 JavaThread "Reference Handler"          daemon [_thread_blocked, id=15484, stack(0x0000009c07b00000,0x0000009c07c00000) (1024K)]
  0x0000020adce98bf0 JavaThread "Finalizer"                  daemon [_thread_blocked, id=18448, stack(0x0000009c07c00000,0x0000009c07d00000) (1024K)]
  0x0000020adcec2e90 JavaThread "Signal Dispatcher"          daemon [_thread_blocked, id=4600, stack(0x0000009c07d00000,0x0000009c07e00000) (1024K)]
  0x0000020adcec3500 JavaThread "Attach Listener"            daemon [_thread_blocked, id=15932, stack(0x0000009c07e00000,0x0000009c07f00000) (1024K)]
  0x0000020adcec4ad0 JavaThread "Service Thread"             daemon [_thread_blocked, id=21324, stack(0x0000009c07f00000,0x0000009c08000000) (1024K)]
  0x0000020adceb9150 JavaThread "Monitor Deflation Thread"   daemon [_thread_blocked, id=20476, stack(0x0000009c08000000,0x0000009c08100000) (1024K)]
  0x0000020adceca680 JavaThread "C2 CompilerThread0"         daemon [_thread_in_native, id=4528, stack(0x0000009c08100000,0x0000009c08200000) (1024K)]
  0x0000020adcee0ba0 JavaThread "C1 CompilerThread0"         daemon [_thread_blocked, id=11520, stack(0x0000009c08200000,0x0000009c08300000) (1024K)]
  0x0000020add2f6780 JavaThread "Notification Thread"        daemon [_thread_blocked, id=18896, stack(0x0000009c08300000,0x0000009c08400000) (1024K)]
=>0x0000020adcede990 JavaThread "C2 CompilerThread1"         daemon [_thread_in_native, id=8308, stack(0x0000009c08400000,0x0000009c08500000) (1024K)]
  0x0000020ae313a1f0 JavaThread "Daemon health stats"               [_thread_blocked, id=18016, stack(0x0000009c08a00000,0x0000009c08b00000) (1024K)]
  0x0000020ae32a1390 JavaThread "Incoming local TCP Connector on port 52776"        [_thread_in_native, id=3496, stack(0x0000009c08b00000,0x0000009c08c00000) (1024K)]
  0x0000020ae32aa600 JavaThread "Daemon periodic checks"            [_thread_blocked, id=19732, stack(0x0000009c08c00000,0x0000009c08d00000) (1024K)]
  0x0000020ae31847b0 JavaThread "Daemon"                            [_thread_blocked, id=15956, stack(0x0000009c08d00000,0x0000009c08e00000) (1024K)]
  0x0000020ae31b6590 JavaThread "Handler for socket connection from /127.0.0.1:52776 to /127.0.0.1:52777"        [_thread_in_native, id=20664, stack(0x0000009c08e00000,0x0000009c08f00000) (1024K)]
  0x0000020ae31e42a0 JavaThread "Cancel handler"                    [_thread_blocked, id=12036, stack(0x0000009c08f00000,0x0000009c09000000) (1024K)]
  0x0000020ae31e4910 JavaThread "Daemon worker"                     [_thread_in_native, id=19352, stack(0x0000009c09000000,0x0000009c09100000) (1024K)]
  0x0000020ae324e7e0 JavaThread "Asynchronous log dispatcher for DefaultDaemonConnection: socket connection from /127.0.0.1:52776 to /127.0.0.1:52777"        [_thread_blocked, id=7028, stack(0x0000009c09100000,0x0000009c09200000) (1024K)]
  0x0000020ae3250220 JavaThread "Stdin handler"                     [_thread_blocked, id=9440, stack(0x0000009c09200000,0x0000009c09300000) (1024K)]
  0x0000020ae324ee70 JavaThread "Daemon client event forwarder"        [_thread_blocked, id=19404, stack(0x0000009c09300000,0x0000009c09400000) (1024K)]
  0x0000020ae324f500 JavaThread "Cache worker for journal cache (C:\Users\Timbol\.gradle\caches\journal-1)"        [_thread_blocked, id=11996, stack(0x0000009c09500000,0x0000009c09600000) (1024K)]
  0x0000020ae324fb90 JavaThread "File lock request listener"        [_thread_in_native, id=7860, stack(0x0000009c09600000,0x0000009c09700000) (1024K)]
  0x0000020ae324e150 JavaThread "Cache worker for file hash cache (C:\Users\Timbol\.gradle\caches\8.9\fileHashes)"        [_thread_blocked, id=18120, stack(0x0000009c09700000,0x0000009c09800000) (1024K)]
  0x0000020ae324d430 JavaThread "Cache worker for file hash cache (C:\Users\Timbol\OneDrive - Mapúa University\College 3rd year\2nd Term\ITS181-3 - APPLICATION DEVELOPMENT 3\WEEK 9\EmployeeApp\EmployeeApp\.gradle\8.9\fileHashes)"        [_thread_blocked, id=16136, stack(0x0000009c09800000,0x0000009c09900000) (1024K)]
  0x0000020ae324dac0 JavaThread "Cache worker for Build Output Cleanup Cache (C:\Users\Timbol\OneDrive - Mapúa University\College 3rd year\2nd Term\ITS181-3 - APPLICATION DEVELOPMENT 3\WEEK 9\EmployeeApp\EmployeeApp\.gradle\buildOutputCleanup)"        [_thread_blocked, id=18656, stack(0x0000009c09900000,0x0000009c09a00000) (1024K)]
  0x0000020ae47a0130 JavaThread "File watcher server"        daemon [_thread_in_native, id=20048, stack(0x0000009c09a00000,0x0000009c09b00000) (1024K)]
  0x0000020ae479e060 JavaThread "File watcher consumer"      daemon [_thread_blocked, id=17144, stack(0x0000009c09b00000,0x0000009c09c00000) (1024K)]
  0x0000020ae47a07c0 JavaThread "Cache worker for checksums cache (C:\Users\Timbol\OneDrive - Mapúa University\College 3rd year\2nd Term\ITS181-3 - APPLICATION DEVELOPMENT 3\WEEK 9\EmployeeApp\EmployeeApp\.gradle\8.9\checksums)"        [_thread_blocked, id=16724, stack(0x0000009c09c00000,0x0000009c09d00000) (1024K)]
  0x0000020ae479faa0 JavaThread "Cache worker for file content cache (C:\Users\Timbol\.gradle\caches\8.9\fileContent)"        [_thread_blocked, id=14068, stack(0x0000009c09d00000,0x0000009c09e00000) (1024K)]
  0x0000020ae47a0e50 JavaThread "Cache worker for cache directory md-rule (C:\Users\Timbol\.gradle\caches\8.9\md-rule)"        [_thread_blocked, id=17384, stack(0x0000009c09e00000,0x0000009c09f00000) (1024K)]
  0x0000020ae479f410 JavaThread "Cache worker for cache directory md-supplier (C:\Users\Timbol\.gradle\caches\8.9\md-supplier)"        [_thread_blocked, id=4552, stack(0x0000009c09f00000,0x0000009c0a000000) (1024K)]
  0x0000020ae47a14e0 JavaThread "jar transforms"                    [_thread_blocked, id=19884, stack(0x0000009c0a000000,0x0000009c0a100000) (1024K)]
  0x0000020ae47a1b70 JavaThread "jar transforms Thread 2"           [_thread_blocked, id=4504, stack(0x0000009c0a100000,0x0000009c0a200000) (1024K)]
  0x0000020ae47a2200 JavaThread "jar transforms Thread 3"           [_thread_blocked, id=568, stack(0x0000009c0a200000,0x0000009c0a300000) (1024K)]
  0x0000020ae47a35b0 JavaThread "Unconstrained build operations"        [_thread_blocked, id=15016, stack(0x0000009c0a300000,0x0000009c0a400000) (1024K)]
  0x0000020ae47a3c40 JavaThread "Unconstrained build operations Thread 2"        [_thread_blocked, id=14856, stack(0x0000009c0a400000,0x0000009c0a500000) (1024K)]
  0x0000020ae47a42d0 JavaThread "Unconstrained build operations Thread 3"        [_thread_blocked, id=4132, stack(0x0000009c0a500000,0x0000009c0a600000) (1024K)]
  0x0000020ae47a4960 JavaThread "Unconstrained build operations Thread 4"        [_thread_blocked, id=11228, stack(0x0000009c0a600000,0x0000009c0a700000) (1024K)]
  0x0000020ae47a4ff0 JavaThread "Unconstrained build operations Thread 5"        [_thread_blocked, id=14792, stack(0x0000009c0a700000,0x0000009c0a800000) (1024K)]
  0x0000020ae47a5680 JavaThread "Unconstrained build operations Thread 6"        [_thread_blocked, id=20656, stack(0x0000009c0a800000,0x0000009c0a900000) (1024K)]
  0x0000020ae47a2890 JavaThread "Unconstrained build operations Thread 7"        [_thread_blocked, id=18952, stack(0x0000009c0a900000,0x0000009c0aa00000) (1024K)]
  0x0000020ae47a2f20 JavaThread "Unconstrained build operations Thread 8"        [_thread_blocked, id=1272, stack(0x0000009c0aa00000,0x0000009c0ab00000) (1024K)]
  0x0000020ae53224e0 JavaThread "Unconstrained build operations Thread 9"        [_thread_blocked, id=284, stack(0x0000009c0ab00000,0x0000009c0ac00000) (1024K)]
  0x0000020ae5322b70 JavaThread "Unconstrained build operations Thread 10"        [_thread_blocked, id=6228, stack(0x0000009c0ac00000,0x0000009c0ad00000) (1024K)]
  0x0000020ae5323200 JavaThread "jar transforms Thread 4"           [_thread_blocked, id=8020, stack(0x0000009c0ad00000,0x0000009c0ae00000) (1024K)]
  0x0000020ae5323890 JavaThread "jar transforms Thread 5"           [_thread_blocked, id=5912, stack(0x0000009c0ae00000,0x0000009c0af00000) (1024K)]
  0x0000020ae5323f20 JavaThread "Unconstrained build operations Thread 11"        [_thread_blocked, id=15268, stack(0x0000009c0af00000,0x0000009c0b000000) (1024K)]
  0x0000020ae53252d0 JavaThread "Unconstrained build operations Thread 12"        [_thread_blocked, id=12816, stack(0x0000009c0b000000,0x0000009c0b100000) (1024K)]
  0x0000020ae53245b0 JavaThread "Unconstrained build operations Thread 13"        [_thread_blocked, id=13292, stack(0x0000009c0b100000,0x0000009c0b200000) (1024K)]
  0x0000020ae5324c40 JavaThread "Unconstrained build operations Thread 14"        [_thread_blocked, id=12892, stack(0x0000009c0b200000,0x0000009c0b300000) (1024K)]
  0x0000020ae5321e50 JavaThread "Unconstrained build operations Thread 15"        [_thread_blocked, id=3796, stack(0x0000009c0b300000,0x0000009c0b400000) (1024K)]
  0x0000020ae5326d10 JavaThread "jar transforms Thread 6"           [_thread_blocked, id=14616, stack(0x0000009c0b400000,0x0000009c0b500000) (1024K)]
Total: 54

Other Threads:
  0x0000020adce1d0c0 VMThread "VM Thread"                           [id=20968, stack(0x0000009c07900000,0x0000009c07a00000) (1024K)]
  0x0000020adce119e0 WatcherThread "VM Periodic Task Thread"        [id=18716, stack(0x0000009c07800000,0x0000009c07900000) (1024K)]
  0x0000020ac5b22350 WorkerThread "GC Thread#0"                     [id=20156, stack(0x0000009c07300000,0x0000009c07400000) (1024K)]
  0x0000020add71fda0 WorkerThread "GC Thread#1"                     [id=6588, stack(0x0000009c08500000,0x0000009c08600000) (1024K)]
  0x0000020add956980 WorkerThread "GC Thread#2"                     [id=20688, stack(0x0000009c08600000,0x0000009c08700000) (1024K)]
  0x0000020add680290 WorkerThread "GC Thread#3"                     [id=8656, stack(0x0000009c08700000,0x0000009c08800000) (1024K)]
  0x0000020add680630 WorkerThread "GC Thread#4"                     [id=20676, stack(0x0000009c08800000,0x0000009c08900000) (1024K)]
  0x0000020add730680 WorkerThread "GC Thread#5"                     [id=18848, stack(0x0000009c08900000,0x0000009c08a00000) (1024K)]
  0x0000020ac5b72010 ConcurrentGCThread "G1 Main Marker"            [id=19184, stack(0x0000009c07400000,0x0000009c07500000) (1024K)]
  0x0000020ac5b731c0 WorkerThread "G1 Conc#0"                       [id=20836, stack(0x0000009c07500000,0x0000009c07600000) (1024K)]
  0x0000020ae32e6e20 WorkerThread "G1 Conc#1"                       [id=20868, stack(0x0000009c09400000,0x0000009c09500000) (1024K)]
  0x0000020adcc76f40 ConcurrentGCThread "G1 Refine#0"               [id=20684, stack(0x0000009c07600000,0x0000009c07700000) (1024K)]
  0x0000020adcc778c0 ConcurrentGCThread "G1 Service"                [id=17524, stack(0x0000009c07700000,0x0000009c07800000) (1024K)]
Total: 13

Threads with active compile tasks:
C2 CompilerThread0  7263 5585       4       jdk.internal.loader.BuiltinClassLoader::loadClass (22 bytes)
C2 CompilerThread1  7263 5579   !   4       jdk.internal.loader.BuiltinClassLoader::loadClassOrNull (143 bytes)
Total: 2

VM state: not at safepoint (normal execution)

VM Mutex/Monitor currently owned by a thread: None

OutOfMemory and StackOverflow Exception counts:
OutOfMemoryError java_heap_errors=2
LinkageErrors=141

Heap address: 0x0000000080000000, size: 2048 MB, Compressed Oops mode: 32-bit

CDS archive(s) not mapped
Compressed class space mapped at: 0x0000000100000000-0x0000000140000000, reserved size: 1073741824
Narrow klass base: 0x0000000000000000, Narrow klass shift: 3, Narrow klass range: 0x140000000

GC Precious Log:
 CardTable entry size: 512
 Card Set container configuration: InlinePtr #cards 5 size 8 Array Of Cards #cards 12 size 40 Howl #buckets 4 coarsen threshold 1843 Howl Bitmap #cards 512 size 80 coarsen threshold 460 Card regions per heap region 1 cards per card region 2048
 CPUs: 6 total, 6 available
 Memory: 16326M
 Large Page Support: Disabled
 NUMA Support: Disabled
 Compressed Oops: Enabled (32-bit)
 Heap Region Size: 1M
 Heap Min Capacity: 8M
 Heap Initial Capacity: 256M
 Heap Max Capacity: 2G
 Pre-touch: Disabled
 Parallel Workers: 6
 Concurrent Workers: 2
 Concurrent Refinement Workers: 6
 Periodic GC: Disabled

Heap:
 garbage-first heap   total 88064K, used 48830K [0x0000000080000000, 0x0000000100000000)
  region size 1024K, 4 young (4096K), 2 survivors (2048K)
 Metaspace       used 57207K, committed 58688K, reserved 1114112K
  class space    used 8067K, committed 8768K, reserved 1048576K

Heap Regions: E=young(eden), S=young(survivor), O=old, HS=humongous(starts), HC=humongous(continues), CS=collection set, F=free, TAMS=top-at-mark-start, PB=parsable bottom
|   0|0x0000000080000000, 0x0000000080100000, 0x0000000080100000|100%| O|  |TAMS 0x0000000080000000| PB 0x0000000080000000| Untracked 
|   1|0x0000000080100000, 0x0000000080200000, 0x0000000080200000|100%| O|  |TAMS 0x0000000080100000| PB 0x0000000080100000| Untracked 
|   2|0x0000000080200000, 0x0000000080300000, 0x0000000080300000|100%|HS|  |TAMS 0x0000000080200000| PB 0x0000000080200000| Complete 
|   3|0x0000000080300000, 0x0000000080400000, 0x0000000080400000|100%|HC|  |TAMS 0x0000000080300000| PB 0x0000000080300000| Complete 
|   4|0x0000000080400000, 0x0000000080500000, 0x0000000080500000|100%|HC|  |TAMS 0x0000000080400000| PB 0x0000000080400000| Complete 
|   5|0x0000000080500000, 0x0000000080600000, 0x0000000080600000|100%|HC|  |TAMS 0x0000000080500000| PB 0x0000000080500000| Complete 
|   6|0x0000000080600000, 0x0000000080700000, 0x0000000080700000|100%| O|  |TAMS 0x0000000080600000| PB 0x0000000080600000| Untracked 
|   7|0x0000000080700000, 0x0000000080800000, 0x0000000080800000|100%| O|  |TAMS 0x0000000080700000| PB 0x0000000080700000| Untracked 
|   8|0x0000000080800000, 0x0000000080900000, 0x0000000080900000|100%| O|  |TAMS 0x0000000080800000| PB 0x0000000080800000| Untracked 
|   9|0x0000000080900000, 0x0000000080a00000, 0x0000000080a00000|100%|HS|  |TAMS 0x0000000080900000| PB 0x0000000080900000| Complete 
|  10|0x0000000080a00000, 0x0000000080b00000, 0x0000000080b00000|100%| O|  |TAMS 0x0000000080a00000| PB 0x0000000080a00000| Untracked 
|  11|0x0000000080b00000, 0x0000000080c00000, 0x0000000080c00000|100%| O|  |TAMS 0x0000000080b00000| PB 0x0000000080b00000| Untracked 
|  12|0x0000000080c00000, 0x0000000080d00000, 0x0000000080d00000|100%| O|  |TAMS 0x0000000080c00000| PB 0x0000000080c00000| Untracked 
|  13|0x0000000080d00000, 0x0000000080e00000, 0x0000000080e00000|100%| O|  |TAMS 0x0000000080d00000| PB 0x0000000080d00000| Untracked 
|  14|0x0000000080e00000, 0x0000000080f00000, 0x0000000080f00000|100%| O|  |TAMS 0x0000000080e00000| PB 0x0000000080e00000| Untracked 
|  15|0x0000000080f00000, 0x0000000081000000, 0x0000000081000000|100%| O|  |TAMS 0x0000000080f00000| PB 0x0000000080f00000| Untracked 
|  16|0x0000000081000000, 0x0000000081100000, 0x0000000081100000|100%| O|  |TAMS 0x0000000081000000| PB 0x0000000081000000| Untracked 
|  17|0x0000000081100000, 0x0000000081200000, 0x0000000081200000|100%| O|  |TAMS 0x0000000081100000| PB 0x0000000081100000| Untracked 
|  18|0x0000000081200000, 0x0000000081300000, 0x0000000081300000|100%| O|  |TAMS 0x0000000081200000| PB 0x0000000081200000| Untracked 
|  19|0x0000000081300000, 0x0000000081400000, 0x0000000081400000|100%| O|  |TAMS 0x0000000081300000| PB 0x0000000081300000| Untracked 
|  20|0x0000000081400000, 0x0000000081500000, 0x0000000081500000|100%| O|  |TAMS 0x0000000081400000| PB 0x0000000081400000| Untracked 
|  21|0x0000000081500000, 0x0000000081600000, 0x0000000081600000|100%| O|  |TAMS 0x0000000081500000| PB 0x0000000081500000| Untracked 
|  22|0x0000000081600000, 0x0000000081700000, 0x0000000081700000|100%| O|  |TAMS 0x0000000081600000| PB 0x0000000081600000| Untracked 
|  23|0x0000000081700000, 0x0000000081800000, 0x0000000081800000|100%| O|  |TAMS 0x0000000081700000| PB 0x0000000081700000| Untracked 
|  24|0x0000000081800000, 0x0000000081900000, 0x0000000081900000|100%| O|  |TAMS 0x0000000081800000| PB 0x0000000081800000| Untracked 
|  25|0x0000000081900000, 0x0000000081a00000, 0x0000000081a00000|100%| O|  |TAMS 0x0000000081900000| PB 0x0000000081900000| Untracked 
|  26|0x0000000081a00000, 0x0000000081b00000, 0x0000000081b00000|100%| O|  |TAMS 0x0000000081a00000| PB 0x0000000081a00000| Untracked 
|  27|0x0000000081b00000, 0x0000000081c00000, 0x0000000081c00000|100%| O|  |TAMS 0x0000000081b00000| PB 0x0000000081b00000| Untracked 
|  28|0x0000000081c00000, 0x0000000081d00000, 0x0000000081d00000|100%|HS|  |TAMS 0x0000000081c00000| PB 0x0000000081c00000| Complete 
|  29|0x0000000081d00000, 0x0000000081e00000, 0x0000000081e00000|100%|HC|  |TAMS 0x0000000081d00000| PB 0x0000000081d00000| Complete 
|  30|0x0000000081e00000, 0x0000000081f00000, 0x0000000081f00000|100%| O|  |TAMS 0x0000000081e00000| PB 0x0000000081e00000| Untracked 
|  31|0x0000000081f00000, 0x0000000082000000, 0x0000000082000000|100%| O|  |TAMS 0x0000000081f00000| PB 0x0000000081f00000| Untracked 
|  32|0x0000000082000000, 0x0000000082100000, 0x0000000082100000|100%| O|  |TAMS 0x0000000082000000| PB 0x0000000082000000| Untracked 
|  33|0x0000000082100000, 0x0000000082200000, 0x0000000082200000|100%| O|  |TAMS 0x0000000082100000| PB 0x0000000082100000| Untracked 
|  34|0x0000000082200000, 0x0000000082300000, 0x0000000082300000|100%| O|Cm|TAMS 0x0000000082200000| PB 0x0000000082200000| Complete 
|  35|0x0000000082300000, 0x0000000082400000, 0x0000000082400000|100%|HS|  |TAMS 0x0000000082300000| PB 0x0000000082300000| Complete 
|  36|0x0000000082400000, 0x0000000082400000, 0x0000000082500000|  0%| F|  |TAMS 0x0000000082400000| PB 0x0000000082400000| Untracked 
|  37|0x0000000082500000, 0x0000000082500000, 0x0000000082600000|  0%| F|  |TAMS 0x0000000082500000| PB 0x0000000082500000| Untracked 
|  38|0x0000000082600000, 0x0000000082600000, 0x0000000082700000|  0%| F|  |TAMS 0x0000000082600000| PB 0x0000000082600000| Untracked 
|  39|0x0000000082700000, 0x0000000082700000, 0x0000000082800000|  0%| F|  |TAMS 0x0000000082700000| PB 0x0000000082700000| Untracked 
|  40|0x0000000082800000, 0x0000000082900000, 0x0000000082900000|100%| O|  |TAMS 0x0000000082800000| PB 0x0000000082800000| Untracked 
|  41|0x0000000082900000, 0x0000000082a00000, 0x0000000082a00000|100%| O|  |TAMS 0x0000000082900000| PB 0x0000000082900000| Untracked 
|  42|0x0000000082a00000, 0x0000000082b00000, 0x0000000082b00000|100%| O|  |TAMS 0x0000000082a00000| PB 0x0000000082a00000| Untracked 
|  43|0x0000000082b00000, 0x0000000082c00000, 0x0000000082c00000|100%| O|  |TAMS 0x0000000082b00000| PB 0x0000000082b00000| Untracked 
|  44|0x0000000082c00000, 0x0000000082d00000, 0x0000000082d00000|100%| O|  |TAMS 0x0000000082c00000| PB 0x0000000082c00000| Untracked 
|  45|0x0000000082d00000, 0x0000000082e00000, 0x0000000082e00000|100%| O|  |TAMS 0x0000000082d00000| PB 0x0000000082d00000| Untracked 
|  46|0x0000000082e00000, 0x0000000082ed6910, 0x0000000082f00000| 83%| O|  |TAMS 0x0000000082e00000| PB 0x0000000082e00000| Untracked 
|  47|0x0000000082f00000, 0x0000000082f00000, 0x0000000083000000|  0%| F|  |TAMS 0x0000000082f00000| PB 0x0000000082f00000| Untracked 
|  48|0x0000000083000000, 0x0000000083000000, 0x0000000083100000|  0%| F|  |TAMS 0x0000000083000000| PB 0x0000000083000000| Untracked 
|  49|0x0000000083100000, 0x0000000083100000, 0x0000000083200000|  0%| F|  |TAMS 0x0000000083100000| PB 0x0000000083100000| Untracked 
|  50|0x0000000083200000, 0x0000000083200000, 0x0000000083300000|  0%| F|  |TAMS 0x0000000083200000| PB 0x0000000083200000| Untracked 
|  51|0x0000000083300000, 0x00000000833d9080, 0x0000000083400000| 84%| S|CS|TAMS 0x0000000083300000| PB 0x0000000083300000| Complete 
|  52|0x0000000083400000, 0x0000000083500000, 0x0000000083500000|100%| S|CS|TAMS 0x0000000083400000| PB 0x0000000083400000| Complete 
|  53|0x0000000083500000, 0x0000000083500000, 0x0000000083600000|  0%| F|  |TAMS 0x0000000083500000| PB 0x0000000083500000| Untracked 
|  54|0x0000000083600000, 0x0000000083600000, 0x0000000083700000|  0%| F|  |TAMS 0x0000000083600000| PB 0x0000000083600000| Untracked 
|  55|0x0000000083700000, 0x0000000083700000, 0x0000000083800000|  0%| F|  |TAMS 0x0000000083700000| PB 0x0000000083700000| Untracked 
|  56|0x0000000083800000, 0x0000000083800000, 0x0000000083900000|  0%| F|  |TAMS 0x0000000083800000| PB 0x0000000083800000| Untracked 
|  57|0x0000000083900000, 0x0000000083900000, 0x0000000083a00000|  0%| F|  |TAMS 0x0000000083900000| PB 0x0000000083900000| Untracked 
|  58|0x0000000083a00000, 0x0000000083a00000, 0x0000000083b00000|  0%| F|  |TAMS 0x0000000083a00000| PB 0x0000000083a00000| Untracked 
|  59|0x0000000083b00000, 0x0000000083b00000, 0x0000000083c00000|  0%| F|  |TAMS 0x0000000083b00000| PB 0x0000000083b00000| Untracked 
|  60|0x0000000083c00000, 0x0000000083c00000, 0x0000000083d00000|  0%| F|  |TAMS 0x0000000083c00000| PB 0x0000000083c00000| Untracked 
|  61|0x0000000083d00000, 0x0000000083d00000, 0x0000000083e00000|  0%| F|  |TAMS 0x0000000083d00000| PB 0x0000000083d00000| Untracked 
|  62|0x0000000083e00000, 0x0000000083e00000, 0x0000000083f00000|  0%| F|  |TAMS 0x0000000083e00000| PB 0x0000000083e00000| Untracked 
|  63|0x0000000083f00000, 0x0000000083f00000, 0x0000000084000000|  0%| F|  |TAMS 0x0000000083f00000| PB 0x0000000083f00000| Untracked 
|  64|0x0000000084000000, 0x0000000084000000, 0x0000000084100000|  0%| F|  |TAMS 0x0000000084000000| PB 0x0000000084000000| Untracked 
|  65|0x0000000084100000, 0x0000000084100000, 0x0000000084200000|  0%| F|  |TAMS 0x0000000084100000| PB 0x0000000084100000| Untracked 
|  66|0x0000000084200000, 0x0000000084200000, 0x0000000084300000|  0%| F|  |TAMS 0x0000000084200000| PB 0x0000000084200000| Untracked 
|  67|0x0000000084300000, 0x0000000084300000, 0x0000000084400000|  0%| F|  |TAMS 0x0000000084300000| PB 0x0000000084300000| Untracked 
|  68|0x0000000084400000, 0x0000000084400000, 0x0000000084500000|  0%| F|  |TAMS 0x0000000084400000| PB 0x0000000084400000| Untracked 
|  69|0x0000000084500000, 0x0000000084500000, 0x0000000084600000|  0%| F|  |TAMS 0x0000000084500000| PB 0x0000000084500000| Untracked 
|  70|0x0000000084600000, 0x0000000084600000, 0x0000000084700000|  0%| F|  |TAMS 0x0000000084600000| PB 0x0000000084600000| Untracked 
|  71|0x0000000084700000, 0x0000000084700000, 0x0000000084800000|  0%| F|  |TAMS 0x0000000084700000| PB 0x0000000084700000| Untracked 
|  72|0x0000000084800000, 0x0000000084800000, 0x0000000084900000|  0%| F|  |TAMS 0x0000000084800000| PB 0x0000000084800000| Untracked 
|  73|0x0000000084900000, 0x0000000084900000, 0x0000000084a00000|  0%| F|  |TAMS 0x0000000084900000| PB 0x0000000084900000| Untracked 
|  74|0x0000000084a00000, 0x0000000084a00000, 0x0000000084b00000|  0%| F|  |TAMS 0x0000000084a00000| PB 0x0000000084a00000| Untracked 
| 221|0x000000008dd00000, 0x000000008dd00000, 0x000000008de00000|  0%| F|  |TAMS 0x000000008dd00000| PB 0x000000008dd00000| Untracked 
| 222|0x000000008de00000, 0x000000008de00000, 0x000000008df00000|  0%| F|  |TAMS 0x000000008de00000| PB 0x000000008de00000| Untracked 
| 223|0x000000008df00000, 0x000000008df00000, 0x000000008e000000|  0%| F|  |TAMS 0x000000008df00000| PB 0x000000008df00000| Untracked 
| 224|0x000000008e000000, 0x000000008e000000, 0x000000008e100000|  0%| F|  |TAMS 0x000000008e000000| PB 0x000000008e000000| Untracked 
| 225|0x000000008e100000, 0x000000008e100000, 0x000000008e200000|  0%| F|  |TAMS 0x000000008e100000| PB 0x000000008e100000| Untracked 
| 226|0x000000008e200000, 0x000000008e200000, 0x000000008e300000|  0%| F|  |TAMS 0x000000008e200000| PB 0x000000008e200000| Untracked 
| 227|0x000000008e300000, 0x000000008e300000, 0x000000008e400000|  0%| F|  |TAMS 0x000000008e300000| PB 0x000000008e300000| Untracked 
| 228|0x000000008e400000, 0x000000008e480000, 0x000000008e500000| 50%| E|  |TAMS 0x000000008e400000| PB 0x000000008e400000| Complete 
| 255|0x000000008ff00000, 0x0000000090000000, 0x0000000090000000|100%| E|CS|TAMS 0x000000008ff00000| PB 0x000000008ff00000| Complete 
|2046|0x00000000ffe00000, 0x00000000fff00000, 0x00000000fff00000|100%| O|  |TAMS 0x00000000ffe00000| PB 0x00000000ffe00000| Untracked 
|2047|0x00000000fff00000, 0x0000000100000000, 0x0000000100000000|100%| O|  |TAMS 0x00000000fff00000| PB 0x00000000fff00000| Untracked 

Card table byte_map: [0x0000020ad8130000,0x0000020ad8530000] _byte_map_base: 0x0000020ad7d30000

Marking Bits: (CMBitMap*) 0x0000020ac5b22960
 Bits: [0x0000020ad8530000, 0x0000020ada530000)

Polling page: 0x0000020ac38b0000

Metaspace:

Usage:
  Non-class:     48.00 MB used.
      Class:      7.88 MB used.
       Both:     55.88 MB used.

Virtual space:
  Non-class space:       64.00 MB reserved,      48.75 MB ( 76%) committed,  1 nodes.
      Class space:        1.00 GB reserved,       8.56 MB ( <1%) committed,  1 nodes.
             Both:        1.06 GB reserved,      57.31 MB (  5%) committed. 

Chunk freelists:
   Non-Class:  15.22 MB
       Class:  7.46 MB
        Both:  22.68 MB

MaxMetaspaceSize: unlimited
CompressedClassSpaceSize: 1.00 GB
Initial GC threshold: 21.00 MB
Current GC threshold: 95.44 MB
CDS: off
 - commit_granule_bytes: 65536.
 - commit_granule_words: 8192.
 - virtual_space_node_default_size: 8388608.
 - enlarge_chunks_in_place: 1.
 - use_allocation_guard: 0.


Internal statistics:

num_allocs_failed_limit: 6.
num_arena_births: 2764.
num_arena_deaths: 0.
num_vsnodes_births: 2.
num_vsnodes_deaths: 0.
num_space_committed: 917.
num_space_uncommitted: 0.
num_chunks_returned_to_freelist: 6.
num_chunks_taken_from_freelist: 5029.
num_chunk_merges: 6.
num_chunk_splits: 3248.
num_chunks_enlarged: 1975.
num_inconsistent_stats: 0.

CodeHeap 'non-profiled nmethods': size=120000Kb used=3026Kb max_used=3206Kb free=116973Kb
 bounds [0x0000020ad06f0000, 0x0000020ad0a20000, 0x0000020ad7c20000]
CodeHeap 'profiled nmethods': size=120000Kb used=9384Kb max_used=9827Kb free=110615Kb
 bounds [0x0000020ac8c20000, 0x0000020ac95c0000, 0x0000020ad0150000]
CodeHeap 'non-nmethods': size=5760Kb used=2682Kb max_used=2760Kb free=3077Kb
 bounds [0x0000020ad0150000, 0x0000020ad0420000, 0x0000020ad06f0000]
CodeCache: size=245760Kb, used=15092Kb, max_used=15793Kb, free=230665Kb
 total_blobs=5870, nmethods=5029, adapters=745, full_count=0
Compilation: enabled, stopped_count=0, restarted_count=0

Compilation events (20 events):
Event: 6.749 Thread 0x0000020adcede990 5575       4       java.lang.invoke.MemberName::flagsMods (45 bytes)
Event: 6.749 Thread 0x0000020adcede990 nmethod 5575 0x0000020ad0a0fc10 code [0x0000020ad0a0fd80, 0x0000020ad0a0fdf8]
Event: 6.750 Thread 0x0000020adcede990 5576       4       java.lang.invoke.MemberName::init (53 bytes)
Event: 6.751 Thread 0x0000020adcee0ba0 5577       3       com.google.common.collect.ImmutableSet$Builder::<init> (31 bytes)
Event: 6.751 Thread 0x0000020adcee0ba0 nmethod 5577 0x0000020ac95b6e90 code [0x0000020ac95b7080, 0x0000020ac95b7638]
Event: 6.752 Thread 0x0000020adcede990 nmethod 5576 0x0000020ad0a0ff10 code [0x0000020ad0a100a0, 0x0000020ad0a10400]
Event: 6.755 Thread 0x0000020adcee0ba0 5578       3       java.lang.invoke.MethodHandleImpl::checkSpreadArgument (81 bytes)
Event: 6.755 Thread 0x0000020adcee0ba0 nmethod 5578 0x0000020ac95b7810 code [0x0000020ac95b7aa0, 0x0000020ac95b84e8]
Event: 6.776 Thread 0x0000020adcede990 5579   !   4       jdk.internal.loader.BuiltinClassLoader::loadClassOrNull (143 bytes)
Event: 6.785 Thread 0x0000020adceca680 5580       4       jdk.internal.loader.BuiltinClassLoader::findLoadedModule (33 bytes)
Event: 6.789 Thread 0x0000020adcee0ba0 5581       3       kotlin.jvm.internal.Lambda::<init> (10 bytes)
Event: 6.789 Thread 0x0000020adcee0ba0 nmethod 5581 0x0000020ac95b8810 code [0x0000020ac95b89c0, 0x0000020ac95b8b28]
Event: 6.798 Thread 0x0000020adceca680 nmethod 5580 0x0000020ad0a10490 code [0x0000020ad0a106c0, 0x0000020ad0a11308]
Event: 7.162 Thread 0x0000020adcee0ba0 5582       3       jdk.internal.misc.VM::isModuleSystemInited (13 bytes)
Event: 7.162 Thread 0x0000020adcee0ba0 nmethod 5582 0x0000020ac8f3e890 code [0x0000020ac8f3ea20, 0x0000020ac8f3eb70]
Event: 7.162 Thread 0x0000020adcee0ba0 5583       3       java.lang.ModuleLayer::boot (4 bytes)
Event: 7.162 Thread 0x0000020adcee0ba0 nmethod 5583 0x0000020ac8f92f10 code [0x0000020ac8f930a0, 0x0000020ac8f93198]
Event: 7.163 Thread 0x0000020adcee0ba0 5584       3       org.gradle.internal.operations.DefaultBuildOperationListenerManager$ProgressShieldingBuildOperationListener::finished (26 bytes)
Event: 7.163 Thread 0x0000020adcee0ba0 nmethod 5584 0x0000020ac8d66a10 code [0x0000020ac8d66be0, 0x0000020ac8d66eb0]
Event: 7.165 Thread 0x0000020adceca680 5585       4       jdk.internal.loader.BuiltinClassLoader::loadClass (22 bytes)

GC Heap History (20 events):
Event: 1.552 GC heap before
{Heap before GC invocations=2 (full 0):
 garbage-first heap   total 262144K, used 55850K [0x0000000080000000, 0x0000000100000000)
  region size 1024K, 45 young (46080K), 4 survivors (4096K)
 Metaspace       used 13133K, committed 13312K, reserved 1114112K
  class space    used 1492K, committed 1600K, reserved 1048576K
}
Event: 1.555 GC heap after
{Heap after GC invocations=3 (full 0):
 garbage-first heap   total 262144K, used 17516K [0x0000000080000000, 0x0000000100000000)
  region size 1024K, 5 young (5120K), 5 survivors (5120K)
 Metaspace       used 13133K, committed 13312K, reserved 1114112K
  class space    used 1492K, committed 1600K, reserved 1048576K
}
Event: 2.069 GC heap before
{Heap before GC invocations=3 (full 0):
 garbage-first heap   total 262144K, used 44140K [0x0000000080000000, 0x0000000100000000)
  region size 1024K, 32 young (32768K), 5 survivors (5120K)
 Metaspace       used 21259K, committed 21504K, reserved 1114112K
  class space    used 2536K, committed 2624K, reserved 1048576K
}
Event: 2.072 GC heap after
{Heap after GC invocations=4 (full 0):
 garbage-first heap   total 262144K, used 20946K [0x0000000080000000, 0x0000000100000000)
  region size 1024K, 8 young (8192K), 8 survivors (8192K)
 Metaspace       used 21259K, committed 21504K, reserved 1114112K
  class space    used 2536K, committed 2624K, reserved 1048576K
}
Event: 2.880 GC heap before
{Heap before GC invocations=5 (full 0):
 garbage-first heap   total 71680K, used 70098K [0x0000000080000000, 0x0000000100000000)
  region size 1024K, 57 young (58368K), 8 survivors (8192K)
 Metaspace       used 29526K, committed 30080K, reserved 1114112K
  class space    used 3900K, committed 4160K, reserved 1048576K
}
Event: 2.885 GC heap after
{Heap after GC invocations=6 (full 0):
 garbage-first heap   total 82944K, used 24018K [0x0000000080000000, 0x0000000100000000)
  region size 1024K, 11 young (11264K), 11 survivors (11264K)
 Metaspace       used 29526K, committed 30080K, reserved 1114112K
  class space    used 3900K, committed 4160K, reserved 1048576K
}
Event: 3.639 GC heap before
{Heap before GC invocations=6 (full 0):
 garbage-first heap   total 82944K, used 61906K [0x0000000080000000, 0x0000000100000000)
  region size 1024K, 48 young (49152K), 11 survivors (11264K)
 Metaspace       used 34710K, committed 35456K, reserved 1114112K
  class space    used 4785K, committed 5120K, reserved 1048576K
}
Event: 3.644 GC heap after
{Heap after GC invocations=7 (full 0):
 garbage-first heap   total 82944K, used 26042K [0x0000000080000000, 0x0000000100000000)
  region size 1024K, 6 young (6144K), 6 survivors (6144K)
 Metaspace       used 34710K, committed 35456K, reserved 1114112K
  class space    used 4785K, committed 5120K, reserved 1048576K
}
Event: 3.753 GC heap before
{Heap before GC invocations=7 (full 0):
 garbage-first heap   total 82944K, used 32186K [0x0000000080000000, 0x0000000100000000)
  region size 1024K, 13 young (13312K), 6 survivors (6144K)
 Metaspace       used 35365K, committed 36096K, reserved 1114112K
  class space    used 4905K, committed 5248K, reserved 1048576K
}
Event: 3.756 GC heap after
{Heap after GC invocations=8 (full 0):
 garbage-first heap   total 82944K, used 26448K [0x0000000080000000, 0x0000000100000000)
  region size 1024K, 3 young (3072K), 3 survivors (3072K)
 Metaspace       used 35365K, committed 36096K, reserved 1114112K
  class space    used 4905K, committed 5248K, reserved 1048576K
}
Event: 4.619 GC heap before
{Heap before GC invocations=9 (full 0):
 garbage-first heap   total 82944K, used 71504K [0x0000000080000000, 0x0000000100000000)
  region size 1024K, 47 young (48128K), 3 survivors (3072K)
 Metaspace       used 41855K, committed 43008K, reserved 1114112K
  class space    used 6026K, committed 6592K, reserved 1048576K
}
Event: 4.623 GC heap after
{Heap after GC invocations=10 (full 0):
 garbage-first heap   total 82944K, used 29109K [0x0000000080000000, 0x0000000100000000)
  region size 1024K, 6 young (6144K), 6 survivors (6144K)
 Metaspace       used 41855K, committed 43008K, reserved 1114112K
  class space    used 6026K, committed 6592K, reserved 1048576K
}
Event: 5.246 GC heap before
{Heap before GC invocations=10 (full 0):
 garbage-first heap   total 82944K, used 70069K [0x0000000080000000, 0x0000000100000000)
  region size 1024K, 47 young (48128K), 6 survivors (6144K)
 Metaspace       used 47386K, committed 48512K, reserved 1114112K
  class space    used 6608K, committed 7168K, reserved 1048576K
}
Event: 5.254 GC heap after
{Heap after GC invocations=11 (full 0):
 garbage-first heap   total 82944K, used 33340K [0x0000000080000000, 0x0000000100000000)
  region size 1024K, 6 young (6144K), 6 survivors (6144K)
 Metaspace       used 47386K, committed 48512K, reserved 1114112K
  class space    used 6608K, committed 7168K, reserved 1048576K
}
Event: 5.988 GC heap before
{Heap before GC invocations=11 (full 0):
 garbage-first heap   total 82944K, used 75324K [0x0000000080000000, 0x0000000100000000)
  region size 1024K, 43 young (44032K), 6 survivors (6144K)
 Metaspace       used 52232K, committed 53568K, reserved 1114112K
  class space    used 7271K, committed 7936K, reserved 1048576K
}
Event: 5.994 GC heap after
{Heap after GC invocations=12 (full 0):
 garbage-first heap   total 87040K, used 37630K [0x0000000080000000, 0x0000000100000000)
  region size 1024K, 4 young (4096K), 4 survivors (4096K)
 Metaspace       used 52232K, committed 53568K, reserved 1114112K
  class space    used 7271K, committed 7936K, reserved 1048576K
}
Event: 6.572 GC heap before
{Heap before GC invocations=12 (full 0):
 garbage-first heap   total 87040K, used 76542K [0x0000000080000000, 0x0000000100000000)
  region size 1024K, 41 young (41984K), 4 survivors (4096K)
 Metaspace       used 55443K, committed 56832K, reserved 1114112K
  class space    used 7791K, committed 8448K, reserved 1048576K
}
Event: 6.576 GC heap after
{Heap after GC invocations=13 (full 0):
 garbage-first heap   total 88064K, used 45106K [0x0000000080000000, 0x0000000100000000)
  region size 1024K, 6 young (6144K), 6 survivors (6144K)
 Metaspace       used 55443K, committed 56832K, reserved 1114112K
  class space    used 7791K, committed 8448K, reserved 1048576K
}
Event: 6.802 GC heap before
{Heap before GC invocations=13 (full 0):
 garbage-first heap   total 88064K, used 73778K [0x0000000080000000, 0x0000000100000000)
  region size 1024K, 36 young (36864K), 6 survivors (6144K)
 Metaspace       used 57089K, committed 58624K, reserved 1114112K
  class space    used 8030K, committed 8768K, reserved 1048576K
}
Event: 6.804 GC heap after
{Heap after GC invocations=14 (full 0):
 garbage-first heap   total 88064K, used 46782K [0x0000000080000000, 0x0000000100000000)
  region size 1024K, 2 young (2048K), 2 survivors (2048K)
 Metaspace       used 57089K, committed 58624K, reserved 1114112K
  class space    used 8030K, committed 8768K, reserved 1048576K
}

Dll operation events (3 events):
Event: 0.010 Loaded shared library C:\Program Files\Android\Android Studio\jbr\bin\java.dll
Event: 0.015 Loaded shared library C:\Program Files\Android\Android Studio\jbr\bin\zip.dll
Event: 0.492 Loaded shared library C:\Program Files\Android\Android Studio\jbr\bin\verify.dll

Deoptimization events (20 events):
Event: 6.613 Thread 0x0000020ae31e4910 DEOPT PACKING pc=0x0000020ad09f60d8 sp=0x0000009c090f70f0
Event: 6.613 Thread 0x0000020ae31e4910 DEOPT UNPACKING pc=0x0000020ad01a46a2 sp=0x0000009c090f7070 mode 2
Event: 6.614 Thread 0x0000020ae31e4910 Uncommon trap: trap_request=0xffffffbe fr.pc=0x0000020ad09f60d8 relative=0x00000000000002f8
Event: 6.614 Thread 0x0000020ae31e4910 Uncommon trap: reason=profile_predicate action=maybe_recompile pc=0x0000020ad09f60d8 method=sun.instrument.TransformerManager.transform(Ljava/lang/Module;Ljava/lang/ClassLoader;Ljava/lang/String;Ljava/lang/Class;Ljava/security/ProtectionDomain;[B)[B @ 21 
Event: 6.614 Thread 0x0000020ae31e4910 DEOPT PACKING pc=0x0000020ad09f60d8 sp=0x0000009c090f7500
Event: 6.614 Thread 0x0000020ae31e4910 DEOPT UNPACKING pc=0x0000020ad01a46a2 sp=0x0000009c090f7480 mode 2
Event: 6.618 Thread 0x0000020ae31e4910 Uncommon trap: trap_request=0xffffffbe fr.pc=0x0000020ad09f60d8 relative=0x00000000000002f8
Event: 6.618 Thread 0x0000020ae31e4910 Uncommon trap: reason=profile_predicate action=maybe_recompile pc=0x0000020ad09f60d8 method=sun.instrument.TransformerManager.transform(Ljava/lang/Module;Ljava/lang/ClassLoader;Ljava/lang/String;Ljava/lang/Class;Ljava/security/ProtectionDomain;[B)[B @ 21 
Event: 6.618 Thread 0x0000020ae31e4910 DEOPT PACKING pc=0x0000020ad09f60d8 sp=0x0000009c090f74c0
Event: 6.618 Thread 0x0000020ae31e4910 DEOPT UNPACKING pc=0x0000020ad01a46a2 sp=0x0000009c090f7440 mode 2
Event: 6.618 Thread 0x0000020ae31e4910 Uncommon trap: trap_request=0xffffffbe fr.pc=0x0000020ad09f60d8 relative=0x00000000000002f8
Event: 6.618 Thread 0x0000020ae31e4910 Uncommon trap: reason=profile_predicate action=maybe_recompile pc=0x0000020ad09f60d8 method=sun.instrument.TransformerManager.transform(Ljava/lang/Module;Ljava/lang/ClassLoader;Ljava/lang/String;Ljava/lang/Class;Ljava/security/ProtectionDomain;[B)[B @ 21 
Event: 6.618 Thread 0x0000020ae31e4910 DEOPT PACKING pc=0x0000020ad09f60d8 sp=0x0000009c090f7c10
Event: 6.618 Thread 0x0000020ae31e4910 DEOPT UNPACKING pc=0x0000020ad01a46a2 sp=0x0000009c090f7b90 mode 2
Event: 6.654 Thread 0x0000020ae31e4910 DEOPT PACKING pc=0x0000020ac9082496 sp=0x0000009c090f8f80
Event: 6.654 Thread 0x0000020ae31e4910 DEOPT UNPACKING pc=0x0000020ad01a4e42 sp=0x0000009c090f84c8 mode 0
Event: 6.664 Thread 0x0000020ae31e4910 Uncommon trap: trap_request=0xffffffcc fr.pc=0x0000020ad09f11dc relative=0x000000000000029c
Event: 6.664 Thread 0x0000020ae31e4910 Uncommon trap: reason=intrinsic_or_type_checked_inlining action=make_not_entrant pc=0x0000020ad09f11dc method=java.util.Arrays.copyOfRange([Ljava/lang/Object;IILjava/lang/Class;)[Ljava/lang/Object; @ 84 c2
Event: 6.664 Thread 0x0000020ae31e4910 DEOPT PACKING pc=0x0000020ad09f11dc sp=0x0000009c090f8be0
Event: 6.664 Thread 0x0000020ae31e4910 DEOPT UNPACKING pc=0x0000020ad01a46a2 sp=0x0000009c090f8b80 mode 2

Classes loaded (20 events):
Event: 6.502 Loading class java/util/BitSet$1BitSetSpliterator
Event: 6.502 Loading class java/util/BitSet$1BitSetSpliterator done
Event: 6.509 Loading class sun/nio/fs/WindowsException
Event: 6.509 Loading class sun/nio/fs/WindowsException done
Event: 6.510 Loading class com/jetbrains/internal/IoToNioErrorMessageHolder
Event: 6.510 Loading class com/jetbrains/internal/IoToNioErrorMessageHolder done
Event: 6.518 Loading class java/util/Collections$SynchronizedRandomAccessList
Event: 6.518 Loading class java/util/Collections$SynchronizedList
Event: 6.518 Loading class java/util/Collections$SynchronizedList done
Event: 6.518 Loading class java/util/Collections$SynchronizedRandomAccessList done
Event: 6.701 Loading class java/util/concurrent/atomic/AtomicReferenceFieldUpdater
Event: 6.702 Loading class java/util/concurrent/atomic/AtomicReferenceFieldUpdater done
Event: 6.702 Loading class java/util/concurrent/atomic/AtomicReferenceFieldUpdater$AtomicReferenceFieldUpdaterImpl
Event: 6.702 Loading class java/util/concurrent/atomic/AtomicReferenceFieldUpdater$AtomicReferenceFieldUpdaterImpl done
Event: 6.702 Loading class java/util/concurrent/atomic/AtomicReferenceFieldUpdater$AtomicReferenceFieldUpdaterImpl$1
Event: 6.702 Loading class java/util/concurrent/atomic/AtomicReferenceFieldUpdater$AtomicReferenceFieldUpdaterImpl$1 done
Event: 7.161 Loading class java/lang/ExceptionInInitializerError
Event: 7.161 Loading class java/lang/ExceptionInInitializerError done
Event: 7.161 Loading class java/lang/StackTraceElement$HashedModules
Event: 7.161 Loading class java/lang/StackTraceElement$HashedModules done

Classes unloaded (0 events):
No events

Classes redefined (0 events):
No events

Internal exceptions (20 events):
Event: 6.462 Thread 0x0000020ae31e4910 Exception <a 'java/lang/ClassNotFoundException'{0x00000000836da328}: addGradleAndroidTestListener1_2j5hi88dyq1tum8r4k5dpu1rfBeanInfo> (0x00000000836da328) 
thrown [s\src\hotspot\share\classfile\systemDictionary.cpp, line 312]
Event: 6.463 Thread 0x0000020ae31e4910 Exception <a 'java/lang/ClassNotFoundException'{0x00000000836e01a8}: addGradleAndroidTestListener1_2j5hi88dyq1tum8r4k5dpu1rfCustomizer> (0x00000000836e01a8) 
thrown [s\src\hotspot\share\classfile\systemDictionary.cpp, line 312]
Event: 6.471 Thread 0x0000020ae31e4910 Exception <a 'java/lang/ClassNotFoundException'{0x00000000835795e0}: SetupUtpTestResultListenerActionBeanInfo> (0x00000000835795e0) 
thrown [s\src\hotspot\share\classfile\systemDictionary.cpp, line 312]
Event: 6.472 Thread 0x0000020ae31e4910 Exception <a 'java/lang/ClassNotFoundException'{0x0000000083580168}: SetupUtpTestResultListenerActionCustomizer> (0x0000000083580168) 
thrown [s\src\hotspot\share\classfile\systemDictionary.cpp, line 312]
Event: 6.478 Thread 0x0000020ae31e4910 Exception <a 'java/lang/ClassNotFoundException'{0x00000000835f87b8}: org/gradle/execution/taskgraph/DefaultTaskExecutionGraphBeanInfo> (0x00000000835f87b8) 
thrown [s\src\hotspot\share\classfile\systemDictionary.cpp, line 312]
Event: 6.479 Thread 0x0000020ae31e4910 Exception <a 'java/lang/ClassNotFoundException'{0x00000000834063b8}: org/gradle/execution/taskgraph/DefaultTaskExecutionGraphCustomizer> (0x00000000834063b8) 
thrown [s\src\hotspot\share\classfile\systemDictionary.cpp, line 312]
Event: 6.505 Thread 0x0000020ae31e4910 Exception <a 'java/lang/IncompatibleClassChangeError'{0x00000000833b0c60}: Found class java.lang.Object, but interface was expected> (0x00000000833b0c60) 
thrown [s\src\hotspot\share\interpreter\linkResolver.cpp, line 851]
Event: 6.509 Thread 0x0000020ae31e4910 Exception <a 'sun/nio/fs/WindowsException'{0x00000000833d7a80}> (0x00000000833d7a80) 
thrown [s\src\hotspot\share\prims\jni.cpp, line 537]
Event: 6.510 Thread 0x0000020ae31e4910 Exception <a 'sun/nio/fs/WindowsException'{0x00000000833d9728}> (0x00000000833d9728) 
thrown [s\src\hotspot\share\prims\jni.cpp, line 537]
Event: 6.510 Thread 0x0000020ae31e4910 Exception <a 'sun/nio/fs/WindowsException'{0x00000000833dac48}> (0x00000000833dac48) 
thrown [s\src\hotspot\share\prims\jni.cpp, line 537]
Event: 6.510 Thread 0x0000020ae31e4910 Exception <a 'sun/nio/fs/WindowsException'{0x00000000833dbd80}> (0x00000000833dbd80) 
thrown [s\src\hotspot\share\prims\jni.cpp, line 537]
Event: 6.512 Thread 0x0000020ae31e4910 Exception <a 'java/lang/NoSuchMethodError'{0x00000000833ebbe0}: 'java.lang.Object java.lang.invoke.Invokers$Holder.invoker(java.lang.Object, java.lang.Object, java.lang.Object, java.lang.Object, java.lang.Object, java.lang.Object)'> (0x00000000833ebbe0) 
thrown [s\src\hotspot\share\interpreter\linkResolver.cpp, line 784]
Event: 6.524 Thread 0x0000020ae31e4910 Exception <a 'java/lang/NoSuchMethodError'{0x00000000832a3c40}: 'java.lang.Object java.lang.invoke.Invokers$Holder.invoker(java.lang.Object, java.lang.Object, java.lang.Object, java.lang.Object, java.lang.Object, java.lang.Object, java.lang.Object, java.lang.Object, java.lang.Object, java.lang.Object, java.lang.Object, java.lang.Object, java.lang.Object, java.lang.Object, java.lang.Object, java.lang.Object, java.lang.Object, java.lang.Object, java.lang.Object, java.lang.Object, java.lang.Object, java.lang.
Event: 6.525 Thread 0x0000020ae31e4910 Exception <a 'java/lang/NoSuchMethodError'{0x00000000832aa200}: 'java.lang.Object java.lang.invoke.DelegatingMethodHandle$Holder.delegate(java.lang.Object, java.lang.Object, java.lang.Object, java.lang.Object, java.lang.Object, java.lang.Object, java.lang.Object, java.lang.Object, java.lang.Object, java.lang.Object, java.lang.Object, java.lang.Object, java.lang.Object, java.lang.Object, java.lang.Object, java.lang.Object, java.lang.Object, java.lang.Object, java.lang.Object, java.lang.Object, java.lang.Obj
Event: 6.739 Thread 0x0000020ae31e4910 Exception <a 'java/lang/NoSuchMethodError'{0x0000000083a27b78}: 'java.lang.Object java.lang.invoke.DirectMethodHandle$Holder.newInvokeSpecial(java.lang.Object, java.lang.Object, java.lang.Object, java.lang.Object, java.lang.Object, java.lang.Object, java.lang.Object, java.lang.Object, java.lang.Object, java.lang.Object, java.lang.Object, java.lang.Object, java.lang.Object, java.lang.Object, java.lang.Object, java.lang.Object, java.lang.Object, java.lang.Object, java.lang.Object)'> (0x0000000083a27b78) 
thr
Event: 6.739 Thread 0x0000020ae31e4910 Exception <a 'java/lang/NoSuchMethodError'{0x0000000083a2e400}: 'java.lang.Object java.lang.invoke.DirectMethodHandle$Holder.invokeSpecial(java.lang.Object, java.lang.Object, java.lang.Object, java.lang.Object, java.lang.Object, java.lang.Object, java.lang.Object, java.lang.Object, java.lang.Object, java.lang.Object, java.lang.Object, java.lang.Object, java.lang.Object, java.lang.Object, java.lang.Object, java.lang.Object, java.lang.Object, java.lang.Object, java.lang.Object, java.lang.Object)'> (0x0000000
Event: 6.739 Thread 0x0000020ae31e4910 Exception <a 'java/lang/NoSuchMethodError'{0x0000000083a33c50}: 'java.lang.Object java.lang.invoke.DelegatingMethodHandle$Holder.reinvoke_L(java.lang.Object, java.lang.Object, java.lang.Object, java.lang.Object, java.lang.Object, java.lang.Object, java.lang.Object, java.lang.Object, java.lang.Object, java.lang.Object, java.lang.Object, java.lang.Object, java.lang.Object, java.lang.Object, java.lang.Object, java.lang.Object, java.lang.Object, java.lang.Object, java.lang.Object)'> (0x0000000083a33c50) 
throw
Event: 6.750 Thread 0x0000020ae31e4910 Exception <a 'java/lang/IncompatibleClassChangeError'{0x0000000083afdb88}: Found class java.lang.Object, but interface was expected> (0x0000000083afdb88) 
thrown [s\src\hotspot\share\interpreter\linkResolver.cpp, line 851]
Event: 7.161 Thread 0x0000020ae31e4910 Exception <a 'java/lang/OutOfMemoryError'{0x000000008ff02fe8}> (0x000000008ff02fe8) 
thrown [s\src\hotspot\share\prims\jni.cpp, line 572]
Event: 7.163 Thread 0x0000020ae31e4910 Exception <a 'java/lang/OutOfMemoryError'{0x000000008ff02fe8}> (0x000000008ff02fe8) 
thrown [s\src\hotspot\share\oops\instanceKlass.cpp, line 1240]

ZGC Phase Switch (0 events):
No events

VM Operations (20 events):
Event: 5.988 Executing VM operation: G1CollectForAllocation (G1 Evacuation Pause)
Event: 5.994 Executing VM operation: G1CollectForAllocation (G1 Evacuation Pause) done
Event: 6.118 Executing VM operation: HandshakeAllThreads (Deoptimize)
Event: 6.118 Executing VM operation: HandshakeAllThreads (Deoptimize) done
Event: 6.344 Executing VM operation: ICBufferFull
Event: 6.344 Executing VM operation: ICBufferFull done
Event: 6.405 Executing VM operation: HandshakeAllThreads (Deoptimize)
Event: 6.405 Executing VM operation: HandshakeAllThreads (Deoptimize) done
Event: 6.509 Executing VM operation: HandshakeAllThreads (Deoptimize)
Event: 6.509 Executing VM operation: HandshakeAllThreads (Deoptimize) done
Event: 6.572 Executing VM operation: G1CollectForAllocation (G1 Evacuation Pause)
Event: 6.576 Executing VM operation: G1CollectForAllocation (G1 Evacuation Pause) done
Event: 6.801 Executing VM operation: G1TryInitiateConcMark (G1 Humongous Allocation)
Event: 6.804 Executing VM operation: G1TryInitiateConcMark (G1 Humongous Allocation) done
Event: 6.828 Executing VM operation: G1PauseRemark
Event: 7.159 Executing VM operation: G1PauseRemark done
Event: 7.168 Executing VM operation: HandshakeAllThreads (Deoptimize)
Event: 7.168 Executing VM operation: HandshakeAllThreads (Deoptimize) done
Event: 7.171 Executing VM operation: G1PauseCleanup
Event: 7.171 Executing VM operation: G1PauseCleanup done

Memory protections (0 events):
No events

Nmethod flushes (20 events):
Event: 7.158 Thread 0x0000020adce1d0c0 flushing  nmethod 0x0000020ac920ae10
Event: 7.158 Thread 0x0000020adce1d0c0 flushing  nmethod 0x0000020ac920d010
Event: 7.158 Thread 0x0000020adce1d0c0 flushing  nmethod 0x0000020ad0714690
Event: 7.158 Thread 0x0000020adce1d0c0 flushing  nmethod 0x0000020ad0716c10
Event: 7.158 Thread 0x0000020adce1d0c0 flushing  nmethod 0x0000020ad0804690
Event: 7.158 Thread 0x0000020adce1d0c0 flushing  nmethod 0x0000020ad0805090
Event: 7.158 Thread 0x0000020adce1d0c0 flushing  nmethod 0x0000020ac8c52090
Event: 7.158 Thread 0x0000020adce1d0c0 flushing  nmethod 0x0000020ac8c90490
Event: 7.159 Thread 0x0000020adce1d0c0 flushing  nmethod 0x0000020ac8cd1490
Event: 7.159 Thread 0x0000020adce1d0c0 flushing  nmethod 0x0000020ac8cd1c10
Event: 7.159 Thread 0x0000020adce1d0c0 flushing  nmethod 0x0000020ac8ce6d90
Event: 7.159 Thread 0x0000020adce1d0c0 flushing  nmethod 0x0000020ac8ce7590
Event: 7.159 Thread 0x0000020adce1d0c0 flushing  nmethod 0x0000020ac8cec490
Event: 7.159 Thread 0x0000020adce1d0c0 flushing  nmethod 0x0000020ac8d26910
Event: 7.159 Thread 0x0000020adce1d0c0 flushing  nmethod 0x0000020ac8d54a10
Event: 7.159 Thread 0x0000020adce1d0c0 flushing  nmethod 0x0000020ac8d5bd10
Event: 7.159 Thread 0x0000020adce1d0c0 flushing  nmethod 0x0000020ac8d8fa90
Event: 7.159 Thread 0x0000020adce1d0c0 flushing  nmethod 0x0000020ac8d92490
Event: 7.159 Thread 0x0000020adce1d0c0 flushing  nmethod 0x0000020ac8d93210
Event: 7.159 Thread 0x0000020adce1d0c0 flushing  nmethod 0x0000020ac8d94790

Events (20 events):
Event: 4.406 Thread 0x0000020ae31e4910 Thread added: 0x0000020ae47a1b70
Event: 5.478 Thread 0x0000020ae31e4910 Thread added: 0x0000020ae47a2200
Event: 6.160 Thread 0x0000020ae31e4910 Thread added: 0x0000020ae47a35b0
Event: 6.162 Thread 0x0000020ae31e4910 Thread added: 0x0000020ae47a3c40
Event: 6.163 Thread 0x0000020ae31e4910 Thread added: 0x0000020ae47a42d0
Event: 6.165 Thread 0x0000020ae31e4910 Thread added: 0x0000020ae47a4960
Event: 6.166 Thread 0x0000020ae31e4910 Thread added: 0x0000020ae47a4ff0
Event: 6.200 Thread 0x0000020ae31e4910 Thread added: 0x0000020ae47a5680
Event: 6.201 Thread 0x0000020ae31e4910 Thread added: 0x0000020ae47a2890
Event: 6.202 Thread 0x0000020ae31e4910 Thread added: 0x0000020ae47a2f20
Event: 6.202 Thread 0x0000020ae31e4910 Thread added: 0x0000020ae53224e0
Event: 6.203 Thread 0x0000020ae31e4910 Thread added: 0x0000020ae5322b70
Event: 6.296 Thread 0x0000020ae31e4910 Thread added: 0x0000020ae5323200
Event: 6.356 Thread 0x0000020ae31e4910 Thread added: 0x0000020ae5323890
Event: 6.397 Thread 0x0000020ae31e4910 Thread added: 0x0000020ae5323f20
Event: 6.398 Thread 0x0000020ae31e4910 Thread added: 0x0000020ae53252d0
Event: 6.398 Thread 0x0000020ae31e4910 Thread added: 0x0000020ae53245b0
Event: 6.398 Thread 0x0000020ae31e4910 Thread added: 0x0000020ae5324c40
Event: 6.399 Thread 0x0000020ae31e4910 Thread added: 0x0000020ae5321e50
Event: 6.423 Thread 0x0000020ae31e4910 Thread added: 0x0000020ae5326d10


Dynamic libraries:
0x00007ff6b7a90000 - 0x00007ff6b7a9a000 	C:\Program Files\Android\Android Studio\jbr\bin\java.exe
0x00007ffd68be0000 - 0x00007ffd68e47000 	C:\WINDOWS\SYSTEM32\ntdll.dll
0x00007ffd67aa0000 - 0x00007ffd67b69000 	C:\WINDOWS\System32\KERNEL32.DLL
0x00007ffd66320000 - 0x00007ffd6670f000 	C:\WINDOWS\System32\KERNELBASE.dll
0x00007ffd65df0000 - 0x00007ffd65f3b000 	C:\WINDOWS\System32\ucrtbase.dll
0x00007ffd601c0000 - 0x00007ffd601db000 	C:\Program Files\Android\Android Studio\jbr\bin\VCRUNTIME140.dll
0x00007ffd603d0000 - 0x00007ffd603e8000 	C:\Program Files\Android\Android Studio\jbr\bin\jli.dll
0x00007ffd68900000 - 0x00007ffd68ac5000 	C:\WINDOWS\System32\USER32.dll
0x00007ffd4ca20000 - 0x00007ffd4ccb3000 	C:\WINDOWS\WinSxS\amd64_microsoft.windows.common-controls_6595b64144ccf1df_6.0.26100.7309_none_3e05feeae336a044\COMCTL32.dll
0x00007ffd66720000 - 0x00007ffd66747000 	C:\WINDOWS\System32\win32u.dll
0x00007ffd676f0000 - 0x00007ffd67799000 	C:\WINDOWS\System32\msvcrt.dll
0x00007ffd68b70000 - 0x00007ffd68b9b000 	C:\WINDOWS\System32\GDI32.dll
0x00007ffd66140000 - 0x00007ffd6626c000 	C:\WINDOWS\System32\gdi32full.dll
0x00007ffd66270000 - 0x00007ffd66313000 	C:\WINDOWS\System32\msvcp_win.dll
0x00007ffd68ae0000 - 0x00007ffd68b11000 	C:\WINDOWS\System32\IMM32.DLL
0x00007ffd60720000 - 0x00007ffd6072c000 	C:\Program Files\Android\Android Studio\jbr\bin\vcruntime140_1.dll
0x00007ffd3fb40000 - 0x00007ffd3fbcd000 	C:\Program Files\Android\Android Studio\jbr\bin\msvcp140.dll
0x00007ffcc01a0000 - 0x00007ffcc0e36000 	C:\Program Files\Android\Android Studio\jbr\bin\server\jvm.dll
0x00007ffd672c0000 - 0x00007ffd67374000 	C:\WINDOWS\System32\ADVAPI32.dll
0x00007ffd68850000 - 0x00007ffd688f6000 	C:\WINDOWS\System32\sechost.dll
0x00007ffd671a0000 - 0x00007ffd672b8000 	C:\WINDOWS\System32\RPCRT4.dll
0x00007ffd677c0000 - 0x00007ffd67834000 	C:\WINDOWS\System32\WS2_32.dll
0x00007ffd659e0000 - 0x00007ffd65a3e000 	C:\WINDOWS\SYSTEM32\POWRPROF.dll
0x00007ffd58370000 - 0x00007ffd583a5000 	C:\WINDOWS\SYSTEM32\WINMM.dll
0x00007ffd5db00000 - 0x00007ffd5db0b000 	C:\WINDOWS\SYSTEM32\VERSION.dll
0x00007ffd659c0000 - 0x00007ffd659d4000 	C:\WINDOWS\SYSTEM32\UMPDC.dll
0x00007ffd64aa0000 - 0x00007ffd64abb000 	C:\WINDOWS\SYSTEM32\kernel.appcore.dll
0x00007ffd601b0000 - 0x00007ffd601ba000 	C:\Program Files\Android\Android Studio\jbr\bin\jimage.dll
0x00007ffd4e830000 - 0x00007ffd4ea72000 	C:\WINDOWS\SYSTEM32\DBGHELP.DLL
0x00007ffd67b70000 - 0x00007ffd67ef6000 	C:\WINDOWS\System32\combase.dll
0x00007ffd680e0000 - 0x00007ffd681b6000 	C:\WINDOWS\System32\OLEAUT32.dll
0x00007ffd499d0000 - 0x00007ffd49a0c000 	C:\WINDOWS\SYSTEM32\dbgcore.DLL
0x00007ffd668d0000 - 0x00007ffd66975000 	C:\WINDOWS\System32\bcryptPrimitives.dll
0x00007ffd60220000 - 0x00007ffd6022e000 	C:\Program Files\Android\Android Studio\jbr\bin\instrument.dll
0x00007ffd51220000 - 0x00007ffd51240000 	C:\Program Files\Android\Android Studio\jbr\bin\java.dll
0x00007ffd50cb0000 - 0x00007ffd50cc8000 	C:\Program Files\Android\Android Studio\jbr\bin\zip.dll
0x00007ffd66980000 - 0x00007ffd670d3000 	C:\WINDOWS\System32\SHELL32.dll
0x00007ffd65fd0000 - 0x00007ffd6613a000 	C:\WINDOWS\System32\wintypes.dll
0x00007ffd63910000 - 0x00007ffd6416e000 	C:\WINDOWS\SYSTEM32\windows.storage.dll
0x00007ffd67840000 - 0x00007ffd67935000 	C:\WINDOWS\System32\SHCORE.dll
0x00007ffd681c0000 - 0x00007ffd68226000 	C:\WINDOWS\System32\shlwapi.dll
0x00007ffd65c50000 - 0x00007ffd65c79000 	C:\WINDOWS\SYSTEM32\profapi.dll
0x00007ffd60180000 - 0x00007ffd60190000 	C:\Program Files\Android\Android Studio\jbr\bin\net.dll
0x00007ffd5f050000 - 0x00007ffd5f178000 	C:\WINDOWS\SYSTEM32\WINHTTP.dll
0x00007ffd64ff0000 - 0x00007ffd6505b000 	C:\WINDOWS\system32\mswsock.dll
0x00007ffd50c90000 - 0x00007ffd50ca6000 	C:\Program Files\Android\Android Studio\jbr\bin\nio.dll
0x00007ffd600b0000 - 0x00007ffd600c0000 	C:\Program Files\Android\Android Studio\jbr\bin\verify.dll
0x00007ffd62c50000 - 0x00007ffd62c77000 	C:\Users\Timbol\.gradle\native\c067742578af261105cb4f569cf0c3c89f3d7b1fecec35dd04571415982c5e48\windows-amd64\native-platform.dll
0x00007ffcead10000 - 0x00007ffceae54000 	C:\Users\Timbol\.gradle\native\100fb08df4bc3b14c8652ba06237920a3bd2aa13389f12d3474272988ae205f9\windows-amd64\native-platform-file-events.dll
0x00007ffd5ebf0000 - 0x00007ffd5ebf9000 	C:\Program Files\Android\Android Studio\jbr\bin\management.dll
0x00007ffd5d450000 - 0x00007ffd5d45b000 	C:\Program Files\Android\Android Studio\jbr\bin\management_ext.dll
0x00007ffd67530000 - 0x00007ffd67538000 	C:\WINDOWS\System32\PSAPI.DLL
0x00007ffd653e0000 - 0x00007ffd653fb000 	C:\WINDOWS\SYSTEM32\CRYPTSP.dll
0x00007ffd64a00000 - 0x00007ffd64a3a000 	C:\WINDOWS\system32\rsaenh.dll
0x00007ffd650a0000 - 0x00007ffd650cb000 	C:\WINDOWS\SYSTEM32\USERENV.dll
0x00007ffd65c20000 - 0x00007ffd65c4a000 	C:\WINDOWS\SYSTEM32\bcrypt.dll
0x00007ffd65240000 - 0x00007ffd6524c000 	C:\WINDOWS\SYSTEM32\CRYPTBASE.dll
0x00007ffd64490000 - 0x00007ffd644c4000 	C:\WINDOWS\SYSTEM32\IPHLPAPI.DLL
0x00007ffd67520000 - 0x00007ffd6752a000 	C:\WINDOWS\System32\NSI.dll
0x00007ffd5fb80000 - 0x00007ffd5fb89000 	C:\Program Files\Android\Android Studio\jbr\bin\extnet.dll
0x00007ffd60030000 - 0x00007ffd60038000 	C:\WINDOWS\system32\wshunix.dll

JVMTI agents:
C:\Users\Timbol\.gradle\wrapper\dists\gradle-8.9-bin\90cnw93cvbtalezasaz0blq0a\gradle-8.9\lib\agents\gradle-instrumentation-agent-8.9.jar path:C:\Program Files\Android\Android Studio\jbr\bin\instrument.dll, loaded, initialized, instrumentlib options:none

dbghelp: loaded successfully - version: 4.0.5 - missing functions: none
symbol engine: initialized successfully - sym options: 0x614 - pdb path: .;C:\Program Files\Android\Android Studio\jbr\bin;C:\WINDOWS\SYSTEM32;C:\WINDOWS\WinSxS\amd64_microsoft.windows.common-controls_6595b64144ccf1df_6.0.26100.7309_none_3e05feeae336a044;C:\Program Files\Android\Android Studio\jbr\bin\server;C:\Users\Timbol\.gradle\native\c067742578af261105cb4f569cf0c3c89f3d7b1fecec35dd04571415982c5e48\windows-amd64;C:\Users\Timbol\.gradle\native\100fb08df4bc3b14c8652ba06237920a3bd2aa13389f12d3474272988ae205f9\windows-amd64

VM Arguments:
jvm_args: --add-opens=java.base/java.util=ALL-UNNAMED --add-opens=java.base/java.lang=ALL-UNNAMED --add-opens=java.base/java.lang.invoke=ALL-UNNAMED --add-opens=java.prefs/java.util.prefs=ALL-UNNAMED --add-exports=jdk.compiler/com.sun.tools.javac.api=ALL-UNNAMED --add-exports=jdk.compiler/com.sun.tools.javac.util=ALL-UNNAMED --add-opens=java.base/java.nio.charset=ALL-UNNAMED --add-opens=java.base/java.net=ALL-UNNAMED --add-opens=java.base/java.util.concurrent.atomic=ALL-UNNAMED -Xmx2048m -Dfile.encoding=UTF-8 -Duser.country=US -Duser.language=en -Duser.variant -javaagent:C:\Users\Timbol\.gradle\wrapper\dists\gradle-8.9-bin\90cnw93cvbtalezasaz0blq0a\gradle-8.9\lib\agents\gradle-instrumentation-agent-8.9.jar 
java_command: org.gradle.launcher.daemon.bootstrap.GradleDaemon 8.9
java_class_path (initial): C:\Users\Timbol\.gradle\wrapper\dists\gradle-8.9-bin\90cnw93cvbtalezasaz0blq0a\gradle-8.9\lib\gradle-daemon-main-8.9.jar
Launcher Type: SUN_STANDARD

[Global flags]
     intx CICompilerCount                          = 3                                         {product} {ergonomic}
     uint ConcGCThreads                            = 2                                         {product} {ergonomic}
     uint G1ConcRefinementThreads                  = 6                                         {product} {ergonomic}
   size_t G1HeapRegionSize                         = 1048576                                   {product} {ergonomic}
    uintx GCDrainStackTargetSize                   = 64                                        {product} {ergonomic}
   size_t InitialHeapSize                          = 268435456                                 {product} {ergonomic}
   size_t MarkStackSize                            = 4194304                                   {product} {ergonomic}
   size_t MaxHeapSize                              = 2147483648                                {product} {command line}
   size_t MaxNewSize                               = 1287651328                                {product} {ergonomic}
   size_t MinHeapDeltaBytes                        = 1048576                                   {product} {ergonomic}
   size_t MinHeapSize                              = 8388608                                   {product} {ergonomic}
    uintx NonNMethodCodeHeapSize                   = 5832780                                {pd product} {ergonomic}
    uintx NonProfiledCodeHeapSize                  = 122912730                              {pd product} {ergonomic}
    uintx ProfiledCodeHeapSize                     = 122912730                              {pd product} {ergonomic}
    uintx ReservedCodeCacheSize                    = 251658240                              {pd product} {ergonomic}
     bool SegmentedCodeCache                       = true                                      {product} {ergonomic}
   size_t SoftMaxHeapSize                          = 2147483648                             {manageable} {ergonomic}
     bool UseCompressedOops                        = true                           {product lp64_product} {ergonomic}
     bool UseG1GC                                  = true                                      {product} {ergonomic}
     bool UseLargePagesIndividualAllocation        = false                                  {pd product} {ergonomic}

Logging:
Log output configuration:
 #0: stdout all=warning uptime,level,tags foldmultilines=false
 #1: stderr all=off uptime,level,tags foldmultilines=false

Environment Variables:
JAVA_HOME=C:\Program Files\Java\jdk-21
PATH=C:\apache-maven\bin
;C:\Program Files\dotnet\;C:\Program Files\Java\jdk-21\bin;C:\Program Files\MySQL\MySQL Server 8.0\bin;C:\Users\Timbol\AppData\Local\Programs\Python\Python313\Scripts\;C:\Users\Timbol\AppData\Local\Programs\Python\Python313\;C:\Users\Timbol\AppData\Local\Programs\Python\Launcher\;C:\Users\Timbol\AppData\Local\Microsoft\WindowsApps;C:\Users\Timbol\AppData\Local\Microsoft\WinGet\Links;C:\Users\Timbol\AppData\Roaming\npm;C:\Users\Timbol\AppData\Local\Programs\Microsoft VS Code\bin;C:\Users\Timbol\AppData\Local\JetBrains\Toolbox\scripts;C:\Program Files\nodejs;C:\Program Files\Git\bin;C:\Program Files\Git\cmd;C:\Program Files\apache-maven-3.9.11\bin;C:\Users\Timbol\.dotnet\tools;C:\Users\Timbol\AppData\Local\Microsoft\WinGet\Packages\Hugo.Hugo.Extended_Microsoft.Winget.Source_8wekyb3d8bbwe;C:\Program Files\Java\jdk-21\bin;C:\Program Files\MySQL\MySQL Server 8.0\bin;
USERNAME=Timbol
OS=Windows_NT
PROCESSOR_IDENTIFIER=Intel64 Family 6 Model 158 Stepping 10, GenuineIntel
TMP=C:\Users\Timbol\AppData\Local\Temp
TEMP=C:\Users\Timbol\AppData\Local\Temp




Periodic native trim disabled

JNI global refs:
JNI global refs: 24, weak refs: 8

JNI global refs memory usage: 835, weak refs: 833

Process memory usage:
Resident Set Size: 271920K (1% of 16718424K total physical memory with 2271040K free physical memory)

OOME stack traces (most recent first):
Classloader memory used:
Loader org.gradle.internal.classloader.VisitableURLClassLoader                         : 27547K
Loader bootstrap                                                                       : 22293K
Loader org.gradle.initialization.MixInLegacyTypesClassLoader                           : 6517K
Loader jdk.internal.loader.ClassLoaders$PlatformClassLoader                            : 503K
Loader jdk.internal.loader.ClassLoaders$AppClassLoader                                 : 230K
Loader org.gradle.groovy.scripts.internal.DefaultScriptCompilationHandler$ScriptClassLoader: 100608B
Loader org.gradle.internal.classloader.VisitableURLClassLoader                         : 19168B
Loader org.gradle.internal.classloader.VisitableURLClassLoader$InstrumentingVisitableURLClassLoader: 15856B
Loader jdk.internal.reflect.DelegatingClassLoader                                      : 10608B
Loader org.codehaus.groovy.runtime.callsite.CallSiteClassLoader                        : 10160B

Classes loaded by more than one classloader:
Class org.gradle.internal.classloader.FilteringClassLoader                            : loaded 2 times (x 105B)
Class org.gradle.internal.classloader.ClassLoaderHierarchy                            : loaded 2 times (x 70B)
Class org.gradle.api.internal.classpath.ManifestUtil                                  : loaded 2 times (x 71B)
Class org.gradle.internal.classloader.DefaultClassLoaderFactory                       : loaded 2 times (x 82B)
Class org.gradle.internal.classloader.ClassLoaderVisitor                              : loaded 2 times (x 76B)
Class org.gradle.api.internal.classpath.EffectiveClassPath                            : loaded 2 times (x 90B)
Class org.gradle.api.internal.DefaultClassPathProvider                                : loaded 2 times (x 76B)
Class [Lorg.gradle.api.internal.ClassPathProvider;                                    : loaded 2 times (x 69B)
Class org.gradle.api.internal.ClassPathProvider                                       : loaded 2 times (x 70B)
Class org.gradle.internal.service.UnknownServiceException                             : loaded 2 times (x 83B)
Class org.gradle.internal.classpath.TransformedClassPath                              : loaded 2 times (x 96B)
Class org.gradle.internal.service.ServiceLocator                                      : loaded 2 times (x 70B)
Class ijKotlinCoroutineJvmDebugInit1_d14rofnas0c14axo3qmj8s8ta$_run_closure1          : loaded 2 times (x 139B)
Class org.gradle.internal.InternalTransformer                                         : loaded 2 times (x 70B)
Class org.gradle.internal.classloader.ClasspathUtil$1                                 : loaded 2 times (x 76B)
Class org.gradle.api.internal.classpath.DefaultModuleRegistry$DefaultModule           : loaded 2 times (x 86B)
Class org.gradle.api.internal.classpath.Module                                        : loaded 2 times (x 70B)
Class org.gradle.api.internal.classpath.UnknownModuleException                        : loaded 2 times (x 82B)
Class org.gradle.api.internal.DefaultClassPathRegistry                                : loaded 2 times (x 76B)
Class org.gradle.api.internal.ClassPathRegistry                                       : loaded 2 times (x 70B)
Class org.gradle.internal.classpath.DefaultClassPath$ImmutableUniqueList              : loaded 2 times (x 199B)
Class org.gradle.internal.classpath.ClassPath                                         : loaded 2 times (x 70B)
Class org.gradle.api.UncheckedIOException                                             : loaded 2 times (x 82B)
Class org.gradle.internal.installation.GradleInstallation$1                           : loaded 2 times (x 75B)
Class org.gradle.api.internal.classpath.ModuleRegistry                                : loaded 2 times (x 70B)
Class org.gradle.api.internal.classpath.DefaultModuleRegistry                         : loaded 2 times (x 83B)
Class org.gradle.internal.service.ServiceLookupException                              : loaded 2 times (x 82B)
Class org.gradle.internal.classloader.ClassLoaderFactory                              : loaded 2 times (x 70B)
Class org.gradle.internal.service.CachingServiceLocator                               : loaded 2 times (x 82B)
Class org.gradle.internal.classloader.ClasspathUtil                                   : loaded 2 times (x 71B)
Class org.gradle.api.specs.Spec                                                       : loaded 2 times (x 70B)
Class ijJvmDebugger1_cwakb5bdtbscnjx9uecx7ikdu$_run_closure1                          : loaded 2 times (x 139B)
Class org.gradle.internal.classloader.VisitableURLClassLoader$InstrumentingVisitableURLClassLoader: loaded 2 times (x 123B)
Class ijKotlinCoroutineJvmDebugInit1_d14rofnas0c14axo3qmj8s8ta                        : loaded 2 times (x 179B)
Class org.gradle.internal.classloader.VisitableURLClassLoader$Spec                    : loaded 2 times (x 74B)
Class org.gradle.internal.classpath.DefaultClassPath                                  : loaded 2 times (x 90B)
Class org.gradle.internal.classloader.ClassLoaderSpec                                 : loaded 2 times (x 71B)
Class ijJvmDebugger1_cwakb5bdtbscnjx9uecx7ikdu                                        : loaded 2 times (x 179B)
Class org.gradle.internal.classloader.VisitableURLClassLoader                         : loaded 2 times (x 117B)
Class org.gradle.internal.Cast                                                        : loaded 2 times (x 71B)
Class org.gradle.api.Action                                                           : loaded 2 times (x 70B)
Class org.gradle.internal.agents.InstrumentingClassLoader                             : loaded 2 times (x 70B)
Class org.gradle.internal.classpath.DefaultClassPath$ImmutableUniqueList$Builder      : loaded 2 times (x 75B)
Class org.gradle.api.GradleException                                                  : loaded 2 times (x 82B)
Class org.gradle.internal.IoActions                                                   : loaded 2 times (x 71B)
Class org.gradle.internal.classloader.SystemClassLoaderSpec                           : loaded 2 times (x 71B)
Class org.gradle.internal.installation.CurrentGradleInstallationLocator               : loaded 2 times (x 71B)
Class org.gradle.internal.service.DefaultServiceLocator                               : loaded 2 times (x 83B)
Class org.gradle.internal.installation.CurrentGradleInstallation                      : loaded 2 times (x 73B)
Class org.gradle.util.internal.GUtil                                                  : loaded 2 times (x 71B)
Class org.gradle.internal.installation.GradleInstallation                             : loaded 2 times (x 75B)

---------------  S Y S T E M  ---------------

OS:
 Windows 11 , 64 bit Build 26100 (10.0.26100.7623)
OS uptime: 0 days 3:06 hours
Hyper-V role detected

CPU: total 6 (initial active 6) (6 cores per cpu, 1 threads per core) family 6 model 158 stepping 10 microcode 0xde, cx8, cmov, fxsr, mmx, 3dnowpref, sse, sse2, sse3, ssse3, sse4.1, sse4.2, popcnt, lzcnt, tsc, tscinvbit, avx, avx2, aes, erms, clmul, bmi1, bmi2, adx, fma, vzeroupper, clflush, clflushopt, hv, rdtscp, f16c
Processor Information for the first 6 processors :
  Max Mhz: 2808, Current Mhz: 2808, Mhz Limit: 2808

Memory: 4k page, system-wide physical 16326M (2218M free)
TotalPageFile size 20326M (AvailPageFile size 367M)
current process WorkingSet (physical memory assigned to process): 267M, peak: 267M
current process commit charge ("private bytes"): 298M, peak: 379M

vm_info: OpenJDK 64-Bit Server VM (21.0.8+-14196175-b1038.72) for windows-amd64 JRE (21.0.8+-14196175-b1038.72), built on 2025-10-01T10:24:33Z by "builder" with MS VC++ 16.10 / 16.11 (VS2019)

END.
